# JRE version: OpenJDK Runtime Environment (8.0_242-b01) (build 1.8.0_242-release-1644-b01)
# Java VM: OpenJDK 64-Bit Server VM (25.242-b01 mixed mode windows-amd64 compressed oops)
Heap:
 PSYoungGen      total 186368K, used 45684K [0x00000000d5580000, 0x00000000e1f00000, 0x0000000100000000)
  eden space 170496K, 26% used [0x00000000d5580000,0x00000000d821d250,0x00000000dfc00000)
  from space 15872K, 0% used [0x00000000e0000000,0x00000000e0000000,0x00000000e0f80000)
  to   space 13312K, 0% used [0x00000000e1200000,0x00000000e1200000,0x00000000e1f00000)
 ParOldGen       total 72704K, used 39602K [0x0000000080000000, 0x0000000084700000, 0x00000000d5580000)
  object space 72704K, 54% used [0x0000000080000000,0x00000000826acaa0,0x0000000084700000)
 Metaspace       used 60138K, capacity 62220K, committed 62488K, reserved 1103872K
  class space    used 8228K, capacity 8673K, committed 8744K, reserved 1048576K
GC Heap History (10 events):
Event: 11.669 GC heap before
{Heap before GC invocations=10 (full 1):
 PSYoungGen      total 128512K, used 120448K [0x00000000d5580000, 0x00000000de680000, 0x0000000100000000)
  eden space 119808K, 93% used [0x00000000d5580000,0x00000000dc2fb8d8,0x00000000dca80000)
  from space 8704K, 95% used [0x00000000dde00000,0x00000000de624aa0,0x00000000de680000)
  to   space 11264K, 0% used [0x00000000dd080000,0x00000000dd080000,0x00000000ddb80000)
 ParOldGen       total 48128K, used 6976K [0x0000000080000000, 0x0000000082f00000, 0x00000000d5580000)
  object space 48128K, 14% used [0x0000000080000000,0x00000000806d00f8,0x0000000082f00000)
 Metaspace       used 34458K, capacity 35338K, committed 35496K, reserved 1079296K
  class space    used 4716K, capacity 4934K, committed 5032K, reserved 1048576K
Event: 11.699 GC heap after
Heap after GC invocations=10 (full 1):
 PSYoungGen      total 137216K, used 11259K [0x00000000d5580000, 0x00000000e1f00000, 0x0000000100000000)
  eden space 125952K, 0% used [0x00000000d5580000,0x00000000d5580000,0x00000000dd080000)
  from space 11264K, 99% used [0x00000000dd080000,0x00000000ddb7ec08,0x00000000ddb80000)
  to   space 13312K, 0% used [0x00000000e1200000,0x00000000e1200000,0x00000000e1f00000)
 ParOldGen       total 48128K, used 7747K [0x0000000080000000, 0x0000000082f00000, 0x00000000d5580000)
  object space 48128K, 16% used [0x0000000080000000,0x0000000080790dd8,0x0000000082f00000)
 Metaspace       used 34458K, capacity 35338K, committed 35496K, reserved 1079296K
  class space    used 4716K, capacity 4934K, committed 5032K, reserved 1048576K
}
Event: 11.699 GC heap before
{Heap before GC invocations=11 (full 2):
 PSYoungGen      total 137216K, used 11259K [0x00000000d5580000, 0x00000000e1f00000, 0x0000000100000000)
  eden space 125952K, 0% used [0x00000000d5580000,0x00000000d5580000,0x00000000dd080000)
  from space 11264K, 99% used [0x00000000dd080000,0x00000000ddb7ec08,0x00000000ddb80000)
  to   space 13312K, 0% used [0x00000000e1200000,0x00000000e1200000,0x00000000e1f00000)
 ParOldGen       total 48128K, used 7747K [0x0000000080000000, 0x0000000082f00000, 0x00000000d5580000)
  object space 48128K, 16% used [0x0000000080000000,0x0000000080790dd8,0x0000000082f00000)
 Metaspace       used 34458K, capacity 35338K, committed 35496K, reserved 1079296K
  class space    used 4716K, capacity 4934K, committed 5032K, reserved 1048576K
Event: 11.922 GC heap after
Heap after GC invocations=11 (full 2):
 PSYoungGen      total 137216K, used 0K [0x00000000d5580000, 0x00000000e1f00000, 0x0000000100000000)
  eden space 125952K, 0% used [0x00000000d5580000,0x00000000d5580000,0x00000000dd080000)
  from space 11264K, 0% used [0x00000000dd080000,0x00000000dd080000,0x00000000ddb80000)
  to   space 13312K, 0% used [0x00000000e1200000,0x00000000e1200000,0x00000000e1f00000)
 ParOldGen       total 72704K, used 18482K [0x0000000080000000, 0x0000000084700000, 0x00000000d5580000)
  object space 72704K, 25% used [0x0000000080000000,0x000000008120c9a0,0x0000000084700000)
 Metaspace       used 34458K, capacity 35338K, committed 35496K, reserved 1079296K
  class space    used 4716K, capacity 4934K, committed 5032K, reserved 1048576K
}
Event: 15.954 GC heap before
{Heap before GC invocations=12 (full 2):
 PSYoungGen      total 137216K, used 125952K [0x00000000d5580000, 0x00000000e1f00000, 0x0000000100000000)
  eden space 125952K, 100% used [0x00000000d5580000,0x00000000dd080000,0x00000000dd080000)
  from space 11264K, 0% used [0x00000000dd080000,0x00000000dd080000,0x00000000ddb80000)
  to   space 13312K, 0% used [0x00000000e1200000,0x00000000e1200000,0x00000000e1f00000)
 ParOldGen       total 72704K, used 18482K [0x0000000080000000, 0x0000000084700000, 0x00000000d5580000)
  object space 72704K, 25% used [0x0000000080000000,0x000000008120c9a0,0x0000000084700000)
 Metaspace       used 44481K, capacity 45944K, committed 46120K, reserved 1089536K
  class space    used 6012K, capacity 6354K, committed 6440K, reserved 1048576K
Event: 15.994 GC heap after
Heap after GC invocations=12 (full 2):
 PSYoungGen      total 183808K, used 13290K [0x00000000d5580000, 0x00000000e1f00000, 0x0000000100000000)
  eden space 170496K, 0% used [0x00000000d5580000,0x00000000d5580000,0x00000000dfc00000)
  from space 13312K, 99% used [0x00000000e1200000,0x00000000e1efab50,0x00000000e1f00000)
  to   space 15872K, 0% used [0x00000000e0000000,0x00000000e0000000,0x00000000e0f80000)
 ParOldGen       total 72704K, used 20964K [0x0000000080000000, 0x0000000084700000, 0x00000000d5580000)
  object space 72704K, 28% used [0x0000000080000000,0x0000000081479018,0x0000000084700000)
 Metaspace       used 44481K, capacity 45944K, committed 46120K, reserved 1089536K
  class space    used 6012K, capacity 6354K, committed 6440K, reserved 1048576K
}
Event: 21.517 GC heap before
{Heap before GC invocations=13 (full 2):
 PSYoungGen      total 183808K, used 167179K [0x00000000d5580000, 0x00000000e1f00000, 0x0000000100000000)
  eden space 170496K, 90% used [0x00000000d5580000,0x00000000debc8348,0x00000000dfc00000)
  from space 13312K, 99% used [0x00000000e1200000,0x00000000e1efab50,0x00000000e1f00000)
  to   space 15872K, 0% used [0x00000000e0000000,0x00000000e0000000,0x00000000e0f80000)
 ParOldGen       total 72704K, used 20964K [0x0000000080000000, 0x0000000084700000, 0x00000000d5580000)
  object space 72704K, 28% used [0x0000000080000000,0x0000000081479018,0x0000000084700000)
 Metaspace       used 57100K, capacity 59134K, committed 59160K, reserved 1099776K
  class space    used 7742K, capacity 8220K, committed 8232K, reserved 1048576K
Event: 21.567 GC heap after
Heap after GC invocations=13 (full 2):
 PSYoungGen      total 186368K, used 15869K [0x00000000d5580000, 0x00000000e1f00000, 0x0000000100000000)
  eden space 170496K, 0% used [0x00000000d5580000,0x00000000d5580000,0x00000000dfc00000)
  from space 15872K, 99% used [0x00000000e0000000,0x00000000e0f7f740,0x00000000e0f80000)
  to   space 13312K, 0% used [0x00000000e1200000,0x00000000e1200000,0x00000000e1f00000)
 ParOldGen       total 72704K, used 32556K [0x0000000080000000, 0x0000000084700000, 0x00000000d5580000)
  object space 72704K, 44% used [0x0000000080000000,0x0000000081fcb3a0,0x0000000084700000)
 Metaspace       used 57100K, capacity 59134K, committed 59160K, reserved 1099776K
  class space    used 7742K, capacity 8220K, committed 8232K, reserved 1048576K
}
Event: 21.567 GC heap before
{Heap before GC invocations=14 (full 3):
 PSYoungGen      total 186368K, used 15869K [0x00000000d5580000, 0x00000000e1f00000, 0x0000000100000000)
  eden space 170496K, 0% used [0x00000000d5580000,0x00000000d5580000,0x00000000dfc00000)
  from space 15872K, 99% used [0x00000000e0000000,0x00000000e0f7f740,0x00000000e0f80000)
  to   space 13312K, 0% used [0x00000000e1200000,0x00000000e1200000,0x00000000e1f00000)
 ParOldGen       total 72704K, used 32556K [0x0000000080000000, 0x0000000084700000, 0x00000000d5580000)
  object space 72704K, 44% used [0x0000000080000000,0x0000000081fcb3a0,0x0000000084700000)
 Metaspace       used 57100K, capacity 59134K, committed 59160K, reserved 1099776K
  class space    used 7742K, capacity 8220K, committed 8232K, reserved 1048576K
Event: 22.005 GC heap after
Heap after GC invocations=14 (full 3):
 PSYoungGen      total 186368K, used 0K [0x00000000d5580000, 0x00000000e1f00000, 0x0000000100000000)
  eden space 170496K, 0% used [0x00000000d5580000,0x00000000d5580000,0x00000000dfc00000)
  from space 15872K, 0% used [0x00000000e0000000,0x00000000e0000000,0x00000000e0f80000)
  to   space 13312K, 0% used [0x00000000e1200000,0x00000000e1200000,0x00000000e1f00000)
 ParOldGen       total 72704K, used 39602K [0x0000000080000000, 0x0000000084700000, 0x00000000d5580000)
  object space 72704K, 54% used [0x0000000080000000,0x00000000826acaa0,0x0000000084700000)
 Metaspace       used 57088K, capacity 59092K, committed 59160K, reserved 1099776K
  class space    used 7738K, capacity 8213K, committed 8232K, reserved 1048576K
}

