# JRE version: OpenJDK Runtime Environment (8.0_242-b01) (build 1.8.0_242-release-1644-b01)
# Java VM: OpenJDK 64-Bit Server VM (25.242-b01 mixed mode windows-amd64 compressed oops)
Heap:
 PSYoungGen      total 189952K, used 16477K [0x00000000d5580000, 0x00000000e2000000, 0x0000000100000000)
  eden space 173056K, 9% used [0x00000000d5580000,0x00000000d65975c8,0x00000000dfe80000)
  from space 16896K, 0% used [0x00000000dfe80000,0x00000000dfe80000,0x00000000e0f00000)
  to   space 13312K, 0% used [0x00000000e0f00000,0x00000000e0f00000,0x00000000e1c00000)
 ParOldGen       total 71680K, used 39506K [0x0000000080000000, 0x0000000084600000, 0x00000000d5580000)
  object space 71680K, 55% used [0x0000000080000000,0x0000000082694838,0x0000000084600000)
 Metaspace       used 57809K, capacity 59832K, committed 60056K, reserved 1101824K
  class space    used 7859K, capacity 8361K, committed 8368K, reserved 1048576K
GC Heap History (10 events):
Event: 12.154 GC heap before
{Heap before GC invocations=10 (full 1):
 PSYoungGen      total 127488K, used 120975K [0x00000000d5580000, 0x00000000de680000, 0x0000000100000000)
  eden space 118784K, 94% used [0x00000000d5580000,0x00000000dc3394c0,0x00000000dc980000)
  from space 8704K, 99% used [0x00000000dde00000,0x00000000de66a8e8,0x00000000de680000)
  to   space 11776K, 0% used [0x00000000dcf80000,0x00000000dcf80000,0x00000000ddb00000)
 ParOldGen       total 48640K, used 6970K [0x0000000080000000, 0x0000000082f80000, 0x00000000d5580000)
  object space 48640K, 14% used [0x0000000080000000,0x00000000806cea38,0x0000000082f80000)
 Metaspace       used 34463K, capacity 35342K, committed 35496K, reserved 1079296K
  class space    used 4716K, capacity 4934K, committed 5040K, reserved 1048576K
Event: 12.194 GC heap after
Heap after GC invocations=10 (full 1):
 PSYoungGen      total 136704K, used 11746K [0x00000000d5580000, 0x00000000e1c00000, 0x0000000100000000)
  eden space 124928K, 0% used [0x00000000d5580000,0x00000000d5580000,0x00000000dcf80000)
  from space 11776K, 99% used [0x00000000dcf80000,0x00000000ddaf88e0,0x00000000ddb00000)
  to   space 13312K, 0% used [0x00000000e0f00000,0x00000000e0f00000,0x00000000e1c00000)
 ParOldGen       total 48640K, used 7307K [0x0000000080000000, 0x0000000082f80000, 0x00000000d5580000)
  object space 48640K, 15% used [0x0000000080000000,0x0000000080722cd0,0x0000000082f80000)
 Metaspace       used 34463K, capacity 35342K, committed 35496K, reserved 1079296K
  class space    used 4716K, capacity 4934K, committed 5040K, reserved 1048576K
}
Event: 12.194 GC heap before
{Heap before GC invocations=11 (full 2):
 PSYoungGen      total 136704K, used 11746K [0x00000000d5580000, 0x00000000e1c00000, 0x0000000100000000)
  eden space 124928K, 0% used [0x00000000d5580000,0x00000000d5580000,0x00000000dcf80000)
  from space 11776K, 99% used [0x00000000dcf80000,0x00000000ddaf88e0,0x00000000ddb00000)
  to   space 13312K, 0% used [0x00000000e0f00000,0x00000000e0f00000,0x00000000e1c00000)
 ParOldGen       total 48640K, used 7307K [0x0000000080000000, 0x0000000082f80000, 0x00000000d5580000)
  object space 48640K, 15% used [0x0000000080000000,0x0000000080722cd0,0x0000000082f80000)
 Metaspace       used 34463K, capacity 35342K, committed 35496K, reserved 1079296K
  class space    used 4716K, capacity 4934K, committed 5040K, reserved 1048576K
Event: 12.342 GC heap after
Heap after GC invocations=11 (full 2):
 PSYoungGen      total 136704K, used 0K [0x00000000d5580000, 0x00000000e1c00000, 0x0000000100000000)
  eden space 124928K, 0% used [0x00000000d5580000,0x00000000d5580000,0x00000000dcf80000)
  from space 11776K, 0% used [0x00000000dcf80000,0x00000000dcf80000,0x00000000ddb00000)
  to   space 13312K, 0% used [0x00000000e0f00000,0x00000000e0f00000,0x00000000e1c00000)
 ParOldGen       total 71680K, used 18481K [0x0000000080000000, 0x0000000084600000, 0x00000000d5580000)
  object space 71680K, 25% used [0x0000000080000000,0x000000008120c550,0x0000000084600000)
 Metaspace       used 34463K, capacity 35342K, committed 35496K, reserved 1079296K
  class space    used 4716K, capacity 4934K, committed 5040K, reserved 1048576K
}
Event: 16.867 GC heap before
{Heap before GC invocations=12 (full 2):
 PSYoungGen      total 136704K, used 124928K [0x00000000d5580000, 0x00000000e1c00000, 0x0000000100000000)
  eden space 124928K, 100% used [0x00000000d5580000,0x00000000dcf80000,0x00000000dcf80000)
  from space 11776K, 0% used [0x00000000dcf80000,0x00000000dcf80000,0x00000000ddb00000)
  to   space 13312K, 0% used [0x00000000e0f00000,0x00000000e0f00000,0x00000000e1c00000)
 ParOldGen       total 71680K, used 18481K [0x0000000080000000, 0x0000000084600000, 0x00000000d5580000)
  object space 71680K, 25% used [0x0000000080000000,0x000000008120c550,0x0000000084600000)
 Metaspace       used 44445K, capacity 46000K, committed 46128K, reserved 1089536K
  class space    used 5998K, capacity 6350K, committed 6448K, reserved 1048576K
Event: 16.938 GC heap after
Heap after GC invocations=12 (full 2):
 PSYoungGen      total 186368K, used 13297K [0x00000000d5580000, 0x00000000e2000000, 0x0000000100000000)
  eden space 173056K, 0% used [0x00000000d5580000,0x00000000d5580000,0x00000000dfe80000)
  from space 13312K, 99% used [0x00000000e0f00000,0x00000000e1bfc4c0,0x00000000e1c00000)
  to   space 16896K, 0% used [0x00000000dfe80000,0x00000000dfe80000,0x00000000e0f00000)
 ParOldGen       total 71680K, used 23096K [0x0000000080000000, 0x0000000084600000, 0x00000000d5580000)
  object space 71680K, 32% used [0x0000000080000000,0x000000008168e040,0x0000000084600000)
 Metaspace       used 44445K, capacity 46000K, committed 46128K, reserved 1089536K
  class space    used 5998K, capacity 6350K, committed 6448K, reserved 1048576K
}
Event: 22.936 GC heap before
{Heap before GC invocations=13 (full 2):
 PSYoungGen      total 186368K, used 165853K [0x00000000d5580000, 0x00000000e2000000, 0x0000000100000000)
  eden space 173056K, 88% used [0x00000000d5580000,0x00000000dea7b128,0x00000000dfe80000)
  from space 13312K, 99% used [0x00000000e0f00000,0x00000000e1bfc4c0,0x00000000e1c00000)
  to   space 16896K, 0% used [0x00000000dfe80000,0x00000000dfe80000,0x00000000e0f00000)
 ParOldGen       total 71680K, used 23096K [0x0000000080000000, 0x0000000084600000, 0x00000000d5580000)
  object space 71680K, 32% used [0x0000000080000000,0x000000008168e040,0x0000000084600000)
 Metaspace       used 57047K, capacity 59076K, committed 59160K, reserved 1099776K
  class space    used 7727K, capacity 8181K, committed 8240K, reserved 1048576K
Event: 22.999 GC heap after
Heap after GC invocations=13 (full 2):
 PSYoungGen      total 189952K, used 16874K [0x00000000d5580000, 0x00000000e2000000, 0x0000000100000000)
  eden space 173056K, 0% used [0x00000000d5580000,0x00000000d5580000,0x00000000dfe80000)
  from space 16896K, 99% used [0x00000000dfe80000,0x00000000e0efa898,0x00000000e0f00000)
  to   space 13312K, 0% used [0x00000000e0f00000,0x00000000e0f00000,0x00000000e1c00000)
 ParOldGen       total 71680K, used 33529K [0x0000000080000000, 0x0000000084600000, 0x00000000d5580000)
  object space 71680K, 46% used [0x0000000080000000,0x00000000820be5f8,0x0000000084600000)
 Metaspace       used 57047K, capacity 59076K, committed 59160K, reserved 1099776K
  class space    used 7727K, capacity 8181K, committed 8240K, reserved 1048576K
}
Event: 22.999 GC heap before
{Heap before GC invocations=14 (full 3):
 PSYoungGen      total 189952K, used 16874K [0x00000000d5580000, 0x00000000e2000000, 0x0000000100000000)
  eden space 173056K, 0% used [0x00000000d5580000,0x00000000d5580000,0x00000000dfe80000)
  from space 16896K, 99% used [0x00000000dfe80000,0x00000000e0efa898,0x00000000e0f00000)
  to   space 13312K, 0% used [0x00000000e0f00000,0x00000000e0f00000,0x00000000e1c00000)
 ParOldGen       total 71680K, used 33529K [0x0000000080000000, 0x0000000084600000, 0x00000000d5580000)
  object space 71680K, 46% used [0x0000000080000000,0x00000000820be5f8,0x0000000084600000)
 Metaspace       used 57047K, capacity 59076K, committed 59160K, reserved 1099776K
  class space    used 7727K, capacity 8181K, committed 8240K, reserved 1048576K
Event: 23.554 GC heap after
Heap after GC invocations=14 (full 3):
 PSYoungGen      total 189952K, used 0K [0x00000000d5580000, 0x00000000e2000000, 0x0000000100000000)
  eden space 173056K, 0% used [0x00000000d5580000,0x00000000d5580000,0x00000000dfe80000)
  from space 16896K, 0% used [0x00000000dfe80000,0x00000000dfe80000,0x00000000e0f00000)
  to   space 13312K, 0% used [0x00000000e0f00000,0x00000000e0f00000,0x00000000e1c00000)
 ParOldGen       total 71680K, used 39506K [0x0000000080000000, 0x0000000084600000, 0x00000000d5580000)
  object space 71680K, 55% used [0x0000000080000000,0x0000000082694838,0x0000000084600000)
 Metaspace       used 57041K, capacity 59058K, committed 59160K, reserved 1099776K
  class space    used 7726K, capacity 8178K, committed 8240K, reserved 1048576K
}

