# JRE version: OpenJDK Runtime Environment (8.0_242-b01) (build 1.8.0_242-release-1644-b01)
# Java VM: OpenJDK 64-Bit Server VM (25.242-b01 mixed mode windows-amd64 compressed oops)
Heap:
 PSYoungGen      total 137216K, used 112053K [0x00000000d5580000, 0x00000000e2800000, 0x0000000100000000)
  eden space 125952K, 88% used [0x00000000d5580000,0x00000000dc2ed690,0x00000000dd080000)
  from space 11264K, 0% used [0x00000000dd080000,0x00000000dd080000,0x00000000ddb80000)
  to   space 13312K, 0% used [0x00000000e1b00000,0x00000000e1b00000,0x00000000e2800000)
 ParOldGen       total 46592K, used 18486K [0x0000000080000000, 0x0000000082d80000, 0x00000000d5580000)
  object space 46592K, 39% used [0x0000000080000000,0x000000008120d850,0x0000000082d80000)
 Metaspace       used 44380K, capacity 45930K, committed 46120K, reserved 1089536K
  class space    used 5987K, capacity 6351K, committed 6440K, reserved 1048576K
GC Heap History (10 events):
Event: 19.884 GC heap before
{Heap before GC invocations=7 (full 0):
 PSYoungGen      total 74752K, used 11011K [0x00000000d5580000, 0x00000000dab80000, 0x0000000100000000)
  eden space 64512K, 3% used [0x00000000d5580000,0x00000000d57d4a98,0x00000000d9480000)
  from space 10240K, 84% used [0x00000000d9f80000,0x00000000da7ec360,0x00000000da980000)
  to   space 11264K, 0% used [0x00000000d9480000,0x00000000d9480000,0x00000000d9f80000)
 ParOldGen       total 86016K, used 6648K [0x0000000080000000, 0x0000000085400000, 0x00000000d5580000)
  object space 86016K, 7% used [0x0000000080000000,0x000000008067e2d8,0x0000000085400000)
 Metaspace       used 20642K, capacity 21228K, committed 21296K, reserved 1067008K
  class space    used 2885K, capacity 3084K, committed 3120K, reserved 1048576K
Event: 19.912 GC heap after
Heap after GC invocations=7 (full 0):
 PSYoungGen      total 75776K, used 4128K [0x00000000d5580000, 0x00000000de880000, 0x0000000100000000)
  eden space 64512K, 0% used [0x00000000d5580000,0x00000000d5580000,0x00000000d9480000)
  from space 11264K, 36% used [0x00000000d9480000,0x00000000d9888030,0x00000000d9f80000)
  to   space 10752K, 0% used [0x00000000dde00000,0x00000000dde00000,0x00000000de880000)
 ParOldGen       total 86016K, used 8860K [0x0000000080000000, 0x0000000085400000, 0x00000000d5580000)
  object space 86016K, 10% used [0x0000000080000000,0x00000000808a7338,0x0000000085400000)
 Metaspace       used 20642K, capacity 21228K, committed 21296K, reserved 1067008K
  class space    used 2885K, capacity 3084K, committed 3120K, reserved 1048576K
}
Event: 19.912 GC heap before
{Heap before GC invocations=8 (full 1):
 PSYoungGen      total 75776K, used 4128K [0x00000000d5580000, 0x00000000de880000, 0x0000000100000000)
  eden space 64512K, 0% used [0x00000000d5580000,0x00000000d5580000,0x00000000d9480000)
  from space 11264K, 36% used [0x00000000d9480000,0x00000000d9888030,0x00000000d9f80000)
  to   space 10752K, 0% used [0x00000000dde00000,0x00000000dde00000,0x00000000de880000)
 ParOldGen       total 86016K, used 8860K [0x0000000080000000, 0x0000000085400000, 0x00000000d5580000)
  object space 86016K, 10% used [0x0000000080000000,0x00000000808a7338,0x0000000085400000)
 Metaspace       used 20642K, capacity 21228K, committed 21296K, reserved 1067008K
  class space    used 2885K, capacity 3084K, committed 3120K, reserved 1048576K
Event: 20.036 GC heap after
Heap after GC invocations=8 (full 1):
 PSYoungGen      total 75776K, used 0K [0x00000000d5580000, 0x00000000de880000, 0x0000000100000000)
  eden space 64512K, 0% used [0x00000000d5580000,0x00000000d5580000,0x00000000d9480000)
  from space 11264K, 0% used [0x00000000d9480000,0x00000000d9480000,0x00000000d9f80000)
  to   space 10752K, 0% used [0x00000000dde00000,0x00000000dde00000,0x00000000de880000)
 ParOldGen       total 46592K, used 6979K [0x0000000080000000, 0x0000000082d80000, 0x00000000d5580000)
  object space 46592K, 14% used [0x0000000080000000,0x00000000806d0ea8,0x0000000082d80000)
 Metaspace       used 20642K, capacity 21228K, committed 21296K, reserved 1067008K
  class space    used 2885K, capacity 3084K, committed 3120K, reserved 1048576K
}
Event: 26.282 GC heap before
{Heap before GC invocations=9 (full 1):
 PSYoungGen      total 75776K, used 64512K [0x00000000d5580000, 0x00000000de880000, 0x0000000100000000)
  eden space 64512K, 100% used [0x00000000d5580000,0x00000000d9480000,0x00000000d9480000)
  from space 11264K, 0% used [0x00000000d9480000,0x00000000d9480000,0x00000000d9f80000)
  to   space 10752K, 0% used [0x00000000dde00000,0x00000000dde00000,0x00000000de880000)
 ParOldGen       total 46592K, used 6979K [0x0000000080000000, 0x0000000082d80000, 0x00000000d5580000)
  object space 46592K, 14% used [0x0000000080000000,0x00000000806d0ea8,0x0000000082d80000)
 Metaspace       used 28298K, capacity 28916K, committed 29232K, reserved 1075200K
  class space    used 3898K, capacity 4127K, committed 4144K, reserved 1048576K
Event: 26.319 GC heap after
Heap after GC invocations=9 (full 1):
 PSYoungGen      total 132096K, used 8327K [0x00000000d5580000, 0x00000000de680000, 0x0000000100000000)
  eden space 123392K, 0% used [0x00000000d5580000,0x00000000d5580000,0x00000000dce00000)
  from space 8704K, 95% used [0x00000000dde00000,0x00000000de621c80,0x00000000de680000)
  to   space 11264K, 0% used [0x00000000dd080000,0x00000000dd080000,0x00000000ddb80000)
 ParOldGen       total 46592K, used 6987K [0x0000000080000000, 0x0000000082d80000, 0x00000000d5580000)
  object space 46592K, 14% used [0x0000000080000000,0x00000000806d2ea8,0x0000000082d80000)
 Metaspace       used 28298K, capacity 28916K, committed 29232K, reserved 1075200K
  class space    used 3898K, capacity 4127K, committed 4144K, reserved 1048576K
}
Event: 34.473 GC heap before
{Heap before GC invocations=10 (full 1):
 PSYoungGen      total 132096K, used 122334K [0x00000000d5580000, 0x00000000de680000, 0x0000000100000000)
  eden space 123392K, 92% used [0x00000000d5580000,0x00000000dc4d5cc8,0x00000000dce00000)
  from space 8704K, 95% used [0x00000000dde00000,0x00000000de621c80,0x00000000de680000)
  to   space 11264K, 0% used [0x00000000dd080000,0x00000000dd080000,0x00000000ddb80000)
 ParOldGen       total 46592K, used 6987K [0x0000000080000000, 0x0000000082d80000, 0x00000000d5580000)
  object space 46592K, 14% used [0x0000000080000000,0x00000000806d2ea8,0x0000000082d80000)
 Metaspace       used 34500K, capacity 35342K, committed 35496K, reserved 1079296K
  class space    used 4721K, capacity 4934K, committed 5032K, reserved 1048576K
Event: 34.516 GC heap after
Heap after GC invocations=10 (full 1):
 PSYoungGen      total 137216K, used 11232K [0x00000000d5580000, 0x00000000e2800000, 0x0000000100000000)
  eden space 125952K, 0% used [0x00000000d5580000,0x00000000d5580000,0x00000000dd080000)
  from space 11264K, 99% used [0x00000000dd080000,0x00000000ddb781b0,0x00000000ddb80000)
  to   space 13312K, 0% used [0x00000000e1b00000,0x00000000e1b00000,0x00000000e2800000)
 ParOldGen       total 46592K, used 7852K [0x0000000080000000, 0x0000000082d80000, 0x00000000d5580000)
  object space 46592K, 16% used [0x0000000080000000,0x00000000807ab108,0x0000000082d80000)
 Metaspace       used 34500K, capacity 35342K, committed 35496K, reserved 1079296K
  class space    used 4721K, capacity 4934K, committed 5032K, reserved 1048576K
}
Event: 34.516 GC heap before
{Heap before GC invocations=11 (full 2):
 PSYoungGen      total 137216K, used 11232K [0x00000000d5580000, 0x00000000e2800000, 0x0000000100000000)
  eden space 125952K, 0% used [0x00000000d5580000,0x00000000d5580000,0x00000000dd080000)
  from space 11264K, 99% used [0x00000000dd080000,0x00000000ddb781b0,0x00000000ddb80000)
  to   space 13312K, 0% used [0x00000000e1b00000,0x00000000e1b00000,0x00000000e2800000)
 ParOldGen       total 46592K, used 7852K [0x0000000080000000, 0x0000000082d80000, 0x00000000d5580000)
  object space 46592K, 16% used [0x0000000080000000,0x00000000807ab108,0x0000000082d80000)
 Metaspace       used 34500K, capacity 35342K, committed 35496K, reserved 1079296K
  class space    used 4721K, capacity 4934K, committed 5032K, reserved 1048576K
Event: 34.777 GC heap after
Heap after GC invocations=11 (full 2):
 PSYoungGen      total 137216K, used 0K [0x00000000d5580000, 0x00000000e2800000, 0x0000000100000000)
  eden space 125952K, 0% used [0x00000000d5580000,0x00000000d5580000,0x00000000dd080000)
  from space 11264K, 0% used [0x00000000dd080000,0x00000000dd080000,0x00000000ddb80000)
  to   space 13312K, 0% used [0x00000000e1b00000,0x00000000e1b00000,0x00000000e2800000)
 ParOldGen       total 46592K, used 18486K [0x0000000080000000, 0x0000000082d80000, 0x00000000d5580000)
  object space 46592K, 39% used [0x0000000080000000,0x000000008120d850,0x0000000082d80000)
 Metaspace       used 34500K, capacity 35342K, committed 35496K, reserved 1079296K
  class space    used 4721K, capacity 4934K, committed 5032K, reserved 1048576K
}

