# JRE version: OpenJDK Runtime Environment (8.0_242-b01) (build 1.8.0_242-release-1644-b01)
# Java VM: OpenJDK 64-Bit Server VM (25.242-b01 mixed mode windows-amd64 compressed oops)
Heap:
 PSYoungGen      total 137216K, used 4967K [0x00000000d5580000, 0x00000000e1f00000, 0x0000000100000000)
  eden space 125952K, 3% used [0x00000000d5580000,0x00000000d5a59dd0,0x00000000dd080000)
  from space 11264K, 0% used [0x00000000dd080000,0x00000000dd080000,0x00000000ddb80000)
  to   space 13312K, 0% used [0x00000000e1200000,0x00000000e1200000,0x00000000e1f00000)
 ParOldGen       total 48128K, used 18485K [0x0000000080000000, 0x0000000082f00000, 0x00000000d5580000)
  object space 48128K, 38% used [0x0000000080000000,0x000000008120d4a0,0x0000000082f00000)
 Metaspace       used 34623K, capacity 35526K, committed 35752K, reserved 1079296K
  class space    used 4744K, capacity 4970K, committed 5032K, reserved 1048576K
GC Heap History (10 events):
Event: 7.416 GC heap before
{Heap before GC invocations=7 (full 0):
 PSYoungGen      total 74752K, used 12547K [0x00000000d5580000, 0x00000000dab80000, 0x0000000100000000)
  eden space 64512K, 6% used [0x00000000d5580000,0x00000000d595aa18,0x00000000d9480000)
  from space 10240K, 83% used [0x00000000d9f80000,0x00000000da7e62a0,0x00000000da980000)
  to   space 11264K, 0% used [0x00000000d9480000,0x00000000d9480000,0x00000000d9f80000)
 ParOldGen       total 86016K, used 6728K [0x0000000080000000, 0x0000000085400000, 0x00000000d5580000)
  object space 86016K, 7% used [0x0000000080000000,0x00000000806920c0,0x0000000085400000)
 Metaspace       used 20688K, capacity 21260K, committed 21296K, reserved 1067008K
  class space    used 2896K, capacity 3116K, committed 3120K, reserved 1048576K
Event: 7.432 GC heap after
Heap after GC invocations=7 (full 0):
 PSYoungGen      total 75776K, used 4116K [0x00000000d5580000, 0x00000000de880000, 0x0000000100000000)
  eden space 64512K, 0% used [0x00000000d5580000,0x00000000d5580000,0x00000000d9480000)
  from space 11264K, 36% used [0x00000000d9480000,0x00000000d9885040,0x00000000d9f80000)
  to   space 10752K, 0% used [0x00000000dde00000,0x00000000dde00000,0x00000000de880000)
 ParOldGen       total 86016K, used 9024K [0x0000000080000000, 0x0000000085400000, 0x00000000d5580000)
  object space 86016K, 10% used [0x0000000080000000,0x00000000808d0110,0x0000000085400000)
 Metaspace       used 20688K, capacity 21260K, committed 21296K, reserved 1067008K
  class space    used 2896K, capacity 3116K, committed 3120K, reserved 1048576K
}
Event: 7.432 GC heap before
{Heap before GC invocations=8 (full 1):
 PSYoungGen      total 75776K, used 4116K [0x00000000d5580000, 0x00000000de880000, 0x0000000100000000)
  eden space 64512K, 0% used [0x00000000d5580000,0x00000000d5580000,0x00000000d9480000)
  from space 11264K, 36% used [0x00000000d9480000,0x00000000d9885040,0x00000000d9f80000)
  to   space 10752K, 0% used [0x00000000dde00000,0x00000000dde00000,0x00000000de880000)
 ParOldGen       total 86016K, used 9024K [0x0000000080000000, 0x0000000085400000, 0x00000000d5580000)
  object space 86016K, 10% used [0x0000000080000000,0x00000000808d0110,0x0000000085400000)
 Metaspace       used 20688K, capacity 21260K, committed 21296K, reserved 1067008K
  class space    used 2896K, capacity 3116K, committed 3120K, reserved 1048576K
Event: 7.511 GC heap after
Heap after GC invocations=8 (full 1):
 PSYoungGen      total 75776K, used 0K [0x00000000d5580000, 0x00000000de880000, 0x0000000100000000)
  eden space 64512K, 0% used [0x00000000d5580000,0x00000000d5580000,0x00000000d9480000)
  from space 11264K, 0% used [0x00000000d9480000,0x00000000d9480000,0x00000000d9f80000)
  to   space 10752K, 0% used [0x00000000dde00000,0x00000000dde00000,0x00000000de880000)
 ParOldGen       total 48128K, used 7042K [0x0000000080000000, 0x0000000082f00000, 0x00000000d5580000)
  object space 48128K, 14% used [0x0000000080000000,0x00000000806e0a78,0x0000000082f00000)
 Metaspace       used 20688K, capacity 21260K, committed 21296K, reserved 1067008K
  class space    used 2896K, capacity 3116K, committed 3120K, reserved 1048576K
}
Event: 8.948 GC heap before
{Heap before GC invocations=9 (full 1):
 PSYoungGen      total 75776K, used 63906K [0x00000000d5580000, 0x00000000de880000, 0x0000000100000000)
  eden space 64512K, 99% used [0x00000000d5580000,0x00000000d93e89e8,0x00000000d9480000)
  from space 11264K, 0% used [0x00000000d9480000,0x00000000d9480000,0x00000000d9f80000)
  to   space 10752K, 0% used [0x00000000dde00000,0x00000000dde00000,0x00000000de880000)
 ParOldGen       total 48128K, used 7042K [0x0000000080000000, 0x0000000082f00000, 0x00000000d5580000)
  object space 48128K, 14% used [0x0000000080000000,0x00000000806e0a78,0x0000000082f00000)
 Metaspace       used 28274K, capacity 28980K, committed 29232K, reserved 1075200K
  class space    used 3893K, capacity 4127K, committed 4144K, reserved 1048576K
Event: 8.967 GC heap after
Heap after GC invocations=9 (full 1):
 PSYoungGen      total 128512K, used 8519K [0x00000000d5580000, 0x00000000de680000, 0x0000000100000000)
  eden space 119808K, 0% used [0x00000000d5580000,0x00000000d5580000,0x00000000dca80000)
  from space 8704K, 97% used [0x00000000dde00000,0x00000000de651c80,0x00000000de680000)
  to   space 11264K, 0% used [0x00000000dd080000,0x00000000dd080000,0x00000000ddb80000)
 ParOldGen       total 48128K, used 7050K [0x0000000080000000, 0x0000000082f00000, 0x00000000d5580000)
  object space 48128K, 14% used [0x0000000080000000,0x00000000806e2a78,0x0000000082f00000)
 Metaspace       used 28274K, capacity 28980K, committed 29232K, reserved 1075200K
  class space    used 3893K, capacity 4127K, committed 4144K, reserved 1048576K
}
Event: 12.351 GC heap before
{Heap before GC invocations=10 (full 1):
 PSYoungGen      total 128512K, used 122415K [0x00000000d5580000, 0x00000000de680000, 0x0000000100000000)
  eden space 119808K, 95% used [0x00000000d5580000,0x00000000dc4ba2b8,0x00000000dca80000)
  from space 8704K, 97% used [0x00000000dde00000,0x00000000de651c80,0x00000000de680000)
  to   space 11264K, 0% used [0x00000000dd080000,0x00000000dd080000,0x00000000ddb80000)
 ParOldGen       total 48128K, used 7050K [0x0000000080000000, 0x0000000082f00000, 0x00000000d5580000)
  object space 48128K, 14% used [0x0000000080000000,0x00000000806e2a78,0x0000000082f00000)
 Metaspace       used 34468K, capacity 35342K, committed 35496K, reserved 1079296K
  class space    used 4717K, capacity 4934K, committed 5032K, reserved 1048576K
Event: 12.412 GC heap after
Heap after GC invocations=10 (full 1):
 PSYoungGen      total 137216K, used 11235K [0x00000000d5580000, 0x00000000e1f00000, 0x0000000100000000)
  eden space 125952K, 0% used [0x00000000d5580000,0x00000000d5580000,0x00000000dd080000)
  from space 11264K, 99% used [0x00000000dd080000,0x00000000ddb78c08,0x00000000ddb80000)
  to   space 13312K, 0% used [0x00000000e1200000,0x00000000e1200000,0x00000000e1f00000)
 ParOldGen       total 48128K, used 7851K [0x0000000080000000, 0x0000000082f00000, 0x00000000d5580000)
  object space 48128K, 16% used [0x0000000080000000,0x00000000807aae28,0x0000000082f00000)
 Metaspace       used 34468K, capacity 35342K, committed 35496K, reserved 1079296K
  class space    used 4717K, capacity 4934K, committed 5032K, reserved 1048576K
}
Event: 12.412 GC heap before
{Heap before GC invocations=11 (full 2):
 PSYoungGen      total 137216K, used 11235K [0x00000000d5580000, 0x00000000e1f00000, 0x0000000100000000)
  eden space 125952K, 0% used [0x00000000d5580000,0x00000000d5580000,0x00000000dd080000)
  from space 11264K, 99% used [0x00000000dd080000,0x00000000ddb78c08,0x00000000ddb80000)
  to   space 13312K, 0% used [0x00000000e1200000,0x00000000e1200000,0x00000000e1f00000)
 ParOldGen       total 48128K, used 7851K [0x0000000080000000, 0x0000000082f00000, 0x00000000d5580000)
  object space 48128K, 16% used [0x0000000080000000,0x00000000807aae28,0x0000000082f00000)
 Metaspace       used 34468K, capacity 35342K, committed 35496K, reserved 1079296K
  class space    used 4717K, capacity 4934K, committed 5032K, reserved 1048576K
Event: 12.596 GC heap after
Heap after GC invocations=11 (full 2):
 PSYoungGen      total 137216K, used 0K [0x00000000d5580000, 0x00000000e1f00000, 0x0000000100000000)
  eden space 125952K, 0% used [0x00000000d5580000,0x00000000d5580000,0x00000000dd080000)
  from space 11264K, 0% used [0x00000000dd080000,0x00000000dd080000,0x00000000ddb80000)
  to   space 13312K, 0% used [0x00000000e1200000,0x00000000e1200000,0x00000000e1f00000)
 ParOldGen       total 48128K, used 18485K [0x0000000080000000, 0x0000000082f00000, 0x00000000d5580000)
  object space 48128K, 38% used [0x0000000080000000,0x000000008120d4a0,0x0000000082f00000)
 Metaspace       used 34468K, capacity 35342K, committed 35496K, reserved 1079296K
  class space    used 4717K, capacity 4934K, committed 5032K, reserved 1048576K
}

